Flutter crash report.
Please report a bug at https://github.com/flutter/flutter/issues.

## command

flutter run --machine --start-paused -d R58MC37FAMT --devtools-server-address http://127.0.0.1:9100/ --target lib\main.dart

## exception

PathNotFoundException: PathNotFoundException: Cannot open file, path = 'C:\Users\Luis\AppData\Local\Temp\flutter_tools.1cb448ba\flutter_tool.e6c27bbb\app.dill.incremental.dill' (OS Error: El sistema no puede encontrar la ruta especificada.
, errno = 3)

```
#0      _File.throwIfError (dart:io/file_impl.dart:629:7)
#1      _File.openSync (dart:io/file_impl.dart:473:5)
#2      _File.readAsBytesSync (dart:io/file_impl.dart:533:18)
#3      ForwardingFile.readAsBytesSync (package:file/src/forwarding/forwarding_file.dart:91:43)
#4      ForwardingFile.readAsBytesSync (package:file/src/forwarding/forwarding_file.dart:91:43)
#5      StdoutHandler.handler (package:flutter_tools/src/compile.dart:127:53)
#6      _rootRunUnary (dart:async/zone.dart:1406:47)
#7      _CustomZone.runUnary (dart:async/zone.dart:1307:19)
#8      _CustomZone.runUnaryGuarded (dart:async/zone.dart:1216:7)
#9      _BufferingStreamSubscription._sendData (dart:async/stream_impl.dart:339:11)
#10     _BufferingStreamSubscription._add (dart:async/stream_impl.dart:271:7)
#11     _SinkTransformerStreamSubscription._add (dart:async/stream_transformers.dart:63:11)
#12     _EventSinkWrapper.add (dart:async/stream_transformers.dart:13:11)
#13     _StringAdapterSink.add (dart:convert/string_conversion.dart:238:11)
#14     _LineSplitterSink._addLines (dart:convert/line_splitter.dart:153:13)
#15     _LineSplitterSink.addSlice (dart:convert/line_splitter.dart:128:5)
#16     StringConversionSinkMixin.add (dart:convert/string_conversion.dart:163:5)
#17     _SinkTransformerStreamSubscription._handleData (dart:async/stream_transformers.dart:111:24)
#18     _rootRunUnary (dart:async/zone.dart:1406:47)
#19     _CustomZone.runUnary (dart:async/zone.dart:1307:19)
#20     _CustomZone.runUnaryGuarded (dart:async/zone.dart:1216:7)
#21     _BufferingStreamSubscription._sendData (dart:async/stream_impl.dart:339:11)
#22     _BufferingStreamSubscription._add (dart:async/stream_impl.dart:271:7)
#23     _SinkTransformerStreamSubscription._add (dart:async/stream_transformers.dart:63:11)
#24     _EventSinkWrapper.add (dart:async/stream_transformers.dart:13:11)
#25     _StringAdapterSink.add (dart:convert/string_conversion.dart:238:11)
#26     _StringAdapterSink.addSlice (dart:convert/string_conversion.dart:243:7)
#27     _Utf8ConversionSink.addSlice (dart:convert/string_conversion.dart:317:20)
#28     _Utf8ConversionSink.add (dart:convert/string_conversion.dart:310:5)
#29     _ConverterStreamEventSink.add (dart:convert/chunked_conversion.dart:72:18)
#30     _SinkTransformerStreamSubscription._handleData (dart:async/stream_transformers.dart:111:24)
#31     _rootRunUnary (dart:async/zone.dart:1406:47)
#32     _CustomZone.runUnary (dart:async/zone.dart:1307:19)
#33     _CustomZone.runUnaryGuarded (dart:async/zone.dart:1216:7)
#34     _BufferingStreamSubscription._sendData (dart:async/stream_impl.dart:339:11)
#35     _BufferingStreamSubscription._add (dart:async/stream_impl.dart:271:7)
#36     _SyncStreamControllerDispatch._sendData (dart:async/stream_controller.dart:774:19)
#37     _StreamController._add (dart:async/stream_controller.dart:648:7)
#38     _StreamController.add (dart:async/stream_controller.dart:596:5)
#39     _Socket._onData (dart:io-patch/socket_patch.dart:2355:41)
#40     _rootRunUnary (dart:async/zone.dart:1414:13)
#41     _CustomZone.runUnary (dart:async/zone.dart:1307:19)
#42     _CustomZone.runUnaryGuarded (dart:async/zone.dart:1216:7)
#43     _BufferingStreamSubscription._sendData (dart:async/stream_impl.dart:339:11)
#44     _BufferingStreamSubscription._add (dart:async/stream_impl.dart:271:7)
#45     _SyncStreamControllerDispatch._sendData (dart:async/stream_controller.dart:774:19)
#46     _StreamController._add (dart:async/stream_controller.dart:648:7)
#47     _StreamController.add (dart:async/stream_controller.dart:596:5)
#48     new _RawSocket.<anonymous closure> (dart:io-patch/socket_patch.dart:1877:33)
#49     _NativeSocket.issueReadEvent.issue (dart:io-patch/socket_patch.dart:1334:14)
#50     _microtaskLoop (dart:async/schedule_microtask.dart:40:21)
#51     _startMicrotaskLoop (dart:async/schedule_microtask.dart:49:5)
#52     _runPendingImmediateCallback (dart:isolate-patch/isolate_patch.dart:123:13)
#53     _RawReceivePort._handleMessage (dart:isolate-patch/isolate_patch.dart:193:5)
```

## flutter doctor

```
[✓] Flutter (Channel stable, 3.7.11, on Microsoft Windows [Versi¢n 10.0.19045.4291], locale es-AR)
    • Flutter version 3.7.11 on channel stable at C:\src\flutter
    • Upstream repository https://github.com/flutter/flutter.git
    • Framework revision f72efea43c (1 year ago), 2023-04-11 11:57:21 -0700
    • Engine revision 1a65d409c7
    • Dart version 2.19.6
    • DevTools version 2.20.1

[✗] Windows Version (Unable to confirm if installed Windows version is 10 or greater)

[✓] Android toolchain - develop for Android devices (Android SDK version 34.0.0-rc3)
    • Android SDK at C:\Users\Luis\AppData\Local\Android\sdk
    • Platform android-33, build-tools 34.0.0-rc3
    • Java binary at: C:\Program Files\Android\Android Studio\jre\bin\java
    • Java version OpenJDK Runtime Environment (build 11.0.10+0-b96-7249189)
    • All Android licenses accepted.

[✓] Chrome - develop for the web
    • Chrome at C:\Program Files\Google\Chrome\Application\chrome.exe

[✓] Visual Studio - develop for Windows (Visual Studio Build Tools 2019 16.11.29)
    • Visual Studio at C:\Program Files (x86)\Microsoft Visual Studio\2019\BuildTools
    • Visual Studio Build Tools 2019 version 16.11.33927.289
    • Windows 10 SDK version 10.0.22621.0

[✓] Android Studio (version 2020.3)
    • Android Studio at C:\Program Files\Android\Android Studio
    • Flutter plugin can be installed from:
      🔨 https://plugins.jetbrains.com/plugin/9212-flutter
    • Dart plugin can be installed from:
      🔨 https://plugins.jetbrains.com/plugin/6351-dart
    • Java version OpenJDK Runtime Environment (build 11.0.10+0-b96-7249189)

[✓] VS Code (version 1.88.1)
    • VS Code at C:\Users\Luis\AppData\Local\Programs\Microsoft VS Code
    • Flutter extension version 3.40.0

[✓] Connected device (4 available)
    • SM A105M (mobile) • R58MC37FAMT • android-arm    • Android 11 (API 30)
    • Windows (desktop) • windows     • windows-x64    • Microsoft Windows [Versi¢n 10.0.19045.4291]
    • Chrome (web)      • chrome      • web-javascript • Google Chrome 124.0.6367.60
    • Edge (web)        • edge        • web-javascript • Microsoft Edge 123.0.2420.97

[✓] HTTP Host Availability
    • All required HTTP hosts are available

! Doctor found issues in 1 category.
```
